

> backoffice-tokenization@0.1.0 build
> next build

[1G[0K[baseline-browser-mapping] The data in this module is over two months old.  To ensure accurate Baseline data, please update: `npm i baseline-browser-mapping@latest -D`
 [33m[1m⚠[22m[39m turbopack.root should be absolute, using: /home/tech-rebel/Desktop/CODE/Tokenization-Hack
   [1m[38;2;173;127;168m▲ Next.js 16.0.3[39m[22m (Turbopack)
   - Environments: .env

 [37m[1m [22m[39m Creating an optimized production build ...
[baseline-browser-mapping] The data in this module is over two months old.  To ensure accurate Baseline data, please update: `npm i baseline-browser-mapping@latest -D`
 [32m[1m✓[22m[39m Compiled successfully in 18.0s
[?25l [37m[1m [22m[39m Running TypeScript  [36m.[39m[2K[1G [37m[1m [22m[39m Running TypeScript  [36m..[39m[2K[1G [37m[1m [22m[39m Running TypeScript  [36m...[39m[2K[1G [37m[1m [22m[39m Running TypeScript  [36m.[39m[2K[1G [37m[1m [22m[39m Running TypeScript  [36m..[39m[2K[1G [37m[1m [22m[39m Running TypeScript  [36m...[39m[2K[1G [37m[1m [22m[39m Running TypeScript  [36m.[39m[2K[1G [37m[1m [22m[39m Running TypeScript  [36m..[39m[2K[1G [37m[1m [22m[39m Running TypeScript  [36m...[39m[2K[1G [37m[1m [22m[39m Running TypeScript  [36m.[39m[2K[1G [37m[1m [22m[39m Running TypeScript  [36m..[39m[2K[1G [37m[1m [22m[39m Running TypeScript  [36m...[39m[2K[1G [37m[1m [22m[39m Running TypeScript  [36m.[39m[2K[1G [37m[1m [22m[39m Running TypeScript  [36m..[39m[2K[1G [37m[1m [22m[39m Running TypeScript  [36m...[39m[2K[1G [37m[1m [22m[39m Running TypeScript  [36m.[39m[2K[1G [37m[1m [22m[39m Running TypeScript  [36m..[39m[2K[1G [37m[1m [22m[39m Running TypeScript  [36m...[39m[2K[1G [37m[1m [22m[39m Running TypeScript  [36m.[39m[2K[1G [37m[1m [22m[39m Running TypeScript  [36m..[39m[2K[1G [37m[1m [22m[39m Running TypeScript  [36m...[39m[2K[1G [37m[1m [22m[39m Running TypeScript  [36m.[39m[2K[1G [37m[1m [22m[39m Running TypeScript  [36m..[39m[2K[1G [37m[1m [22m[39m Running TypeScript  [36m...[39m[2K[1G [37m[1m [22m[39m Running TypeScript  [36m.[39m[2K[1G [37m[1m [22m[39m Running TypeScript  [36m..[39m[2K[1G [37m[1m [22m[39m Running TypeScript  [36m...[39m[2K[1G [37m[1m [22m[39m Running TypeScript  [36m.[39m[2K[1G [37m[1m [22m[39m Running TypeScript  [36m..[39m[2K[1G [37m[1m [22m[39m Running TypeScript  [36m...[39m[2K[1G [37m[1m [22m[39m Running TypeScript  [36m.[39m[2K[1G [37m[1m [22m[39m Running TypeScript  [36m..[39m[2K[1G [37m[1m [22m[39m Running TypeScript  [36m...[39m[2K[1G [37m[1m [22m[39m Running TypeScript  [36m.[39m[2K[1G [37m[1m [22m[39m Running TypeScript  [36m..[39m[2K[1G [37m[1m [22m[39m Running TypeScript  [36m...[39m[2K[1G [37m[1m [22m[39m Running TypeScript  [36m.[39m[2K[1G [37m[1m [22m[39m Running TypeScript  [36m..[39m[2K[1G [37m[1m [22m[39m Running TypeScript  [36m...[39m[2K[1G [37m[1m [22m[39m Running TypeScript  [36m.[39m[2K[1G [37m[1m [22m[39m Running TypeScript  [36m..[39m[2K[1G [37m[1m [22m[39m Running TypeScript  [36m...[39m[2K[1G [37m[1m [22m[39m Running TypeScript  [36m.[39m[2K[1G [37m[1m [22m[39m Running TypeScript  [36m..[39m[2K[1G [37m[1m [22m[39m Running TypeScript  [36m...[39m[2K[1G [37m[1m [22m[39m Running TypeScript  [36m.[39m[2K[1G [37m[1m [22m[39m Running TypeScript  [36m..[39m[2K[1G [37m[1m [22m[39m Running TypeScript  [36m...[39m[2K[1G [37m[1m [22m[39m Running TypeScript  [36m.[39m[2K[1G [37m[1m [22m[39m Running TypeScript  [36m..[39m[2K[1G [37m[1m [22m[39m Running TypeScript  [36m...[39m[2K[1G [37m[1m [22m[39m Running TypeScript  [36m.[39m[2K[1G [37m[1m [22m[39m Running TypeScript  [36m..[39m[2K[1G [37m[1m [22m[39m Running TypeScript  [36m...[39m[2K[1G [37m[1m [22m[39m Running TypeScript  [36m.[39m[2K[1G [37m[1m [22m[39m Running TypeScript  [36m..[39m[2K[1G [37m[1m [22m[39m Running TypeScript  [36m...[39m[2K[1G [37m[1m [22m[39m Running TypeScript  [36m.[39m[2K[1G [37m[1m [22m[39m Running TypeScript  [36m..[39m[2K[1G [37m[1m [22m[39m Running TypeScript  [36m...[39m[2K[1G [37m[1m [22m[39m Running TypeScript  [36m.[39m[2K[1G [37m[1m [22m[39m Running TypeScript  [36m..[39m[2K[1G [37m[1m [22m[39m Running TypeScript  [36m...[39m[2K[1G [37m[1m [22m[39m Running TypeScript  [36m.[39m[2K[1G [37m[1m [22m[39m Running TypeScript  [36m..[39m[2K[1G [37m[1m [22m[39m Running TypeScript  [36m...[39m[2K[1G [37m[1m [22m[39m Running TypeScript  [36m.[39m[2K[1G [37m[1m [22m[39m Running TypeScript  [36m..[39m[2K[1G [37m[1m [22m[39m Running TypeScript  [36m...[39m[2K[1G [37m[1m [22m[39m Running TypeScript  [36m.[39m[2K[1G [37m[1m [22m[39m Running TypeScript  [36m..[39m[2K[1G[?25h[?25l [37m[1m [22m[39m Finished TypeScript in 14.2s  [36m.[39m[2K[1G[?25h [37m[1m [22m[39m Finished TypeScript in 14.2s     [32m[1m✓[22m[39m Finished TypeScript in 14.2s 
[?25l [37m[1m [22m[39m Collecting page data using 11 workers  [36m.[39m[2K[1G [37m[1m [22m[39m Collecting page data using 11 workers  [36m..[39m[baseline-browser-mapping] The data in this module is over two months old.  To ensure accurate Baseline data, please update: `npm i baseline-browser-mapping@latest -D`
[baseline-browser-mapping] The data in this module is over two months old.  To ensure accurate Baseline data, please update: `npm i baseline-browser-mapping@latest -D`
[baseline-browser-mapping] The data in this module is over two months old.  To ensure accurate Baseline data, please update: `npm i baseline-browser-mapping@latest -D`
[2K[1G [37m[1m [22m[39m Collecting page data using 11 workers  [36m...[39m[baseline-browser-mapping] The data in this module is over two months old.  To ensure accurate Baseline data, please update: `npm i baseline-browser-mapping@latest -D`
[baseline-browser-mapping] The data in this module is over two months old.  To ensure accurate Baseline data, please update: `npm i baseline-browser-mapping@latest -D`
[2K[1G [37m[1m [22m[39m Collecting page data using 11 workers  [36m.[39m[2K[1G [37m[1m [22m[39m Collecting page data using 11 workers  [36m..[39m[2K[1G[?25h [37m[1m [22m[39m Collecting page data using 11 workers in 1039.8ms     [32m[1m✓[22m[39m Collecting page data using 11 workers in 1039.8ms 
[?25l [37m[1m [22m[39m Generating static pages using 11 workers (0/5)  [36m[    ][39m[2K[1G [37m[1m [22m[39m Generating static pages using 11 workers (0/5)  [36m[=   ][39m[2K[1G[?25h[baseline-browser-mapping] The data in this module is over two months old.  To ensure accurate Baseline data, please update: `npm i baseline-browser-mapping@latest -D`
ReferenceError: window is not defined
    at cd.modules.constructor.moduleType.isAvailable (.next/server/chunks/ssr/[root-of-the-server]__0ec78161._.js:1060:24244)
    at <unknown> (.next/server/chunks/ssr/[root-of-the-server]__0ec78161._.js:1060:20387)
    at Array.map (<anonymous>)
    at cd.network.getSupportedWallets (.next/server/chunks/ssr/[root-of-the-server]__0ec78161._.js:1060:20211)
    at new cd.network (.next/server/chunks/ssr/[root-of-the-server]__0ec78161._.js:1060:20113)
    at module evaluation (.next/server/chunks/ssr/[root-of-the-server]__0ec78161._.js:1060:19503)
    at instantiateModule (.next/server/chunks/ssr/[turbopack]_runtime.js:715:9)
    at getOrInstantiateModuleFromParent (.next/server/chunks/ssr/[turbopack]_runtime.js:738:12)
    at Context.esmImport [as i] (.next/server/chunks/ssr/[turbopack]_runtime.js:228:20)
    at module evaluation (.next/server/chunks/ssr/_cfbe4ee4._.js:1:11164)
[?25h [32m[1m✓[22m[39m Generating static pages using 11 workers (5/5) in 2.0s
[?25l [37m[1m [22m[39m Finalizing page optimization  [36m.[39m[2K[1G[?25h [37m[1m [22m[39m Finalizing page optimization in 31.4ms     [32m[1m✓[22m[39m Finalizing page optimization in 31.4ms 

[4mRoute (app)[24m
┌ ○ /
├ ○ /_not-found
└ ○ /manage-escrows


○  (Static)  prerendered as static content

[?25h[1G[0K⠙[1G[0K
