

> investor-tokenization@0.1.0 build
> next build

[1G[0K[baseline-browser-mapping] The data in this module is over two months old.  To ensure accurate Baseline data, please update: `npm i baseline-browser-mapping@latest -D`
   [1m[38;2;173;127;168m▲ Next.js 16.0.3[39m[22m (Turbopack)
   - Environments: .env

 [33m[1m⚠[22m[39m The "middleware" file convention is deprecated. Please use "proxy" instead. Learn more: https://nextjs.org/docs/messages/middleware-to-proxy
 [37m[1m [22m[39m Creating an optimized production build ...
[baseline-browser-mapping] The data in this module is over two months old.  To ensure accurate Baseline data, please update: `npm i baseline-browser-mapping@latest -D`
[baseline-browser-mapping] The data in this module is over two months old.  To ensure accurate Baseline data, please update: `npm i baseline-browser-mapping@latest -D`
 [32m[1m✓[22m[39m Compiled successfully in 22.0s
[?25l [37m[1m [22m[39m Running TypeScript  [36m.[39m[2K[1G [37m[1m [22m[39m Running TypeScript  [36m..[39m[2K[1G [37m[1m [22m[39m Running TypeScript  [36m...[39m[2K[1G [37m[1m [22m[39m Running TypeScript  [36m.[39m[2K[1G [37m[1m [22m[39m Running TypeScript  [36m..[39m[2K[1G [37m[1m [22m[39m Running TypeScript  [36m...[39m[2K[1G [37m[1m [22m[39m Running TypeScript  [36m.[39m[2K[1G [37m[1m [22m[39m Running TypeScript  [36m..[39m[2K[1G [37m[1m [22m[39m Running TypeScript  [36m...[39m[2K[1G [37m[1m [22m[39m Running TypeScript  [36m.[39m[2K[1G [37m[1m [22m[39m Running TypeScript  [36m..[39m[2K[1G [37m[1m [22m[39m Running TypeScript  [36m...[39m[2K[1G [37m[1m [22m[39m Running TypeScript  [36m.[39m[2K[1G [37m[1m [22m[39m Running TypeScript  [36m..[39m[2K[1G [37m[1m [22m[39m Running TypeScript  [36m...[39m[2K[1G [37m[1m [22m[39m Running TypeScript  [36m.[39m[2K[1G [37m[1m [22m[39m Running TypeScript  [36m..[39m[2K[1G [37m[1m [22m[39m Running TypeScript  [36m...[39m[2K[1G [37m[1m [22m[39m Running TypeScript  [36m.[39m[2K[1G [37m[1m [22m[39m Running TypeScript  [36m..[39m[2K[1G [37m[1m [22m[39m Running TypeScript  [36m...[39m[2K[1G [37m[1m [22m[39m Running TypeScript  [36m.[39m[2K[1G [37m[1m [22m[39m Running TypeScript  [36m..[39m[2K[1G [37m[1m [22m[39m Running TypeScript  [36m...[39m[2K[1G [37m[1m [22m[39m Running TypeScript  [36m.[39m[2K[1G [37m[1m [22m[39m Running TypeScript  [36m..[39m[2K[1G [37m[1m [22m[39m Running TypeScript  [36m...[39m[2K[1G [37m[1m [22m[39m Running TypeScript  [36m.[39m[2K[1G [37m[1m [22m[39m Running TypeScript  [36m..[39m[2K[1G [37m[1m [22m[39m Running TypeScript  [36m...[39m[2K[1G [37m[1m [22m[39m Running TypeScript  [36m.[39m[2K[1G [37m[1m [22m[39m Running TypeScript  [36m..[39m[2K[1G [37m[1m [22m[39m Running TypeScript  [36m...[39m[2K[1G [37m[1m [22m[39m Running TypeScript  [36m.[39m[2K[1G [37m[1m [22m[39m Running TypeScript  [36m..[39m[2K[1G [37m[1m [22m[39m Running TypeScript  [36m...[39m[2K[1G [37m[1m [22m[39m Running TypeScript  [36m.[39m[2K[1G [37m[1m [22m[39m Running TypeScript  [36m..[39m[2K[1G [37m[1m [22m[39m Running TypeScript  [36m...[39m[2K[1G [37m[1m [22m[39m Running TypeScript  [36m.[39m[2K[1G [37m[1m [22m[39m Running TypeScript  [36m..[39m[2K[1G [37m[1m [22m[39m Running TypeScript  [36m...[39m[2K[1G [37m[1m [22m[39m Running TypeScript  [36m.[39m[2K[1G [37m[1m [22m[39m Running TypeScript  [36m..[39m[2K[1G [37m[1m [22m[39m Running TypeScript  [36m...[39m[2K[1G [37m[1m [22m[39m Running TypeScript  [36m.[39m[2K[1G [37m[1m [22m[39m Running TypeScript  [36m..[39m[2K[1G [37m[1m [22m[39m Running TypeScript  [36m...[39m[2K[1G [37m[1m [22m[39m Running TypeScript  [36m.[39m[2K[1G [37m[1m [22m[39m Running TypeScript  [36m..[39m[2K[1G [37m[1m [22m[39m Running TypeScript  [36m...[39m[2K[1G [37m[1m [22m[39m Running TypeScript  [36m.[39m[2K[1G[?25h[?25l [37m[1m [22m[39m Finished TypeScript in 10.3s  [36m.[39m[2K[1G[?25h [37m[1m [22m[39m Finished TypeScript in 10.3s     [32m[1m✓[22m[39m Finished TypeScript in 10.3s 
[?25l [37m[1m [22m[39m Collecting page data using 11 workers  [36m.[39m[2K[1G [37m[1m [22m[39m Collecting page data using 11 workers  [36m..[39m[2K[1G [37m[1m [22m[39m Collecting page data using 11 workers  [36m...[39m[baseline-browser-mapping] The data in this module is over two months old.  To ensure accurate Baseline data, please update: `npm i baseline-browser-mapping@latest -D`
[baseline-browser-mapping] The data in this module is over two months old.  To ensure accurate Baseline data, please update: `npm i baseline-browser-mapping@latest -D`
[baseline-browser-mapping] The data in this module is over two months old.  To ensure accurate Baseline data, please update: `npm i baseline-browser-mapping@latest -D`
[baseline-browser-mapping] The data in this module is over two months old.  To ensure accurate Baseline data, please update: `npm i baseline-browser-mapping@latest -D`
[baseline-browser-mapping] The data in this module is over two months old.  To ensure accurate Baseline data, please update: `npm i baseline-browser-mapping@latest -D`
[baseline-browser-mapping] The data in this module is over two months old.  To ensure accurate Baseline data, please update: `npm i baseline-browser-mapping@latest -D`
[baseline-browser-mapping] The data in this module is over two months old.  To ensure accurate Baseline data, please update: `npm i baseline-browser-mapping@latest -D`
[baseline-browser-mapping] The data in this module is over two months old.  To ensure accurate Baseline data, please update: `npm i baseline-browser-mapping@latest -D`
[baseline-browser-mapping] The data in this module is over two months old.  To ensure accurate Baseline data, please update: `npm i baseline-browser-mapping@latest -D`
[baseline-browser-mapping] The data in this module is over two months old.  To ensure accurate Baseline data, please update: `npm i baseline-browser-mapping@latest -D`
[baseline-browser-mapping] The data in this module is over two months old.  To ensure accurate Baseline data, please update: `npm i baseline-browser-mapping@latest -D`
[2K[1G [37m[1m [22m[39m Collecting page data using 11 workers  [36m.[39m[2K[1G [37m[1m [22m[39m Collecting page data using 11 workers  [36m..[39m[2K[1G [37m[1m [22m[39m Collecting page data using 11 workers  [36m...[39m[2K[1G [37m[1m [22m[39m Collecting page data using 11 workers  [36m.[39m[2K[1G [37m[1m [22m[39m Collecting page data using 11 workers  [36m..[39m[2K[1G[?25h [37m[1m [22m[39m Collecting page data using 11 workers in 1668.1ms     [32m[1m✓[22m[39m Collecting page data using 11 workers in 1668.1ms 
[?25l [37m[1m [22m[39m Generating static pages using 11 workers (0/11)  [36m[    ][39m[2K[1G [37m[1m [22m[39m Generating static pages using 11 workers (0/11)  [36m[=   ][39m[2K[1G[?25h[baseline-browser-mapping] The data in this module is over two months old.  To ensure accurate Baseline data, please update: `npm i baseline-browser-mapping@latest -D`
ReferenceError: window is not defined
    at cd.modules.constructor.moduleType.isAvailable (.next/server/chunks/ssr/_c83bec2e._.js:1060:24244)
    at <unknown> (.next/server/chunks/ssr/_c83bec2e._.js:1060:20387)
    at Array.map (<anonymous>)
    at cd.network.getSupportedWallets (.next/server/chunks/ssr/_c83bec2e._.js:1060:20211)
    at new cd.network (.next/server/chunks/ssr/_c83bec2e._.js:1060:20113)
    at module evaluation (.next/server/chunks/ssr/_c83bec2e._.js:1060:19503)
    at instantiateModule (.next/server/chunks/ssr/[turbopack]_runtime.js:715:9)
    at getOrInstantiateModuleFromParent (.next/server/chunks/ssr/[turbopack]_runtime.js:738:12)
    at Context.esmImport [as i] (.next/server/chunks/ssr/[turbopack]_runtime.js:228:20)
    at module evaluation (.next/server/chunks/ssr/_1cfc09af._.js:1:12268)
[?25h [32m[1m✓[22m[39m Generating static pages using 11 workers (11/11) in 1501.6ms
[?25l [37m[1m [22m[39m Finalizing page optimization  [36m.[39m[2K[1G[?25h [37m[1m [22m[39m Finalizing page optimization in 34.6ms     [32m[1m✓[22m[39m Finalizing page optimization in 34.6ms 

[4mRoute (app)[24m
┌ ○ /
├ ○ /_not-found
├ ƒ /api/deploy
├ ƒ /api/deploy/vault-contract
├ ƒ /api/helper/send-transaction
├ ƒ /api/token-sale/buy
├ ƒ /api/vault-contract/availability-for-exchange
├ ƒ /api/vault-contract/claim
└ ○ /claim-roi


ƒ Proxy (Middleware)

○  (Static)   prerendered as static content
ƒ  (Dynamic)  server-rendered on demand

[?25h[1G[0K⠙[1G[0K
